<?xml version="1.0" encoding="UTF-8"?>
<testsuite xmlns:xsi="http://www.w3.org/2001/XMLSchema-instance" xsi:noNamespaceSchemaLocation="https://maven.apache.org/surefire/maven-surefire-plugin/xsd/surefire-test-report-3.0.xsd" version="3.0" name="com.redhat.GreetingsTest" time="50.618" tests="1" errors="0" skipped="0" failures="0">
  <properties>
    <property name="java.specification.version" value="17"/>
    <property name="test.url" value="http://localhost:43835"/>
    <property name="sun.jnu.encoding" value="UTF-8"/>
    <property name="java.class.path" value="/home/nelson/kogito/my-first-kogito/target/test-classes:/home/nelson/kogito/my-first-kogito/target/classes:/home/nelson/.m2/repository/org/kie/kogito/kogito-quarkus/1.10.0.Final/kogito-quarkus-1.10.0.Final.jar:/home/nelson/.m2/repository/org/kie/kogito/kogito-quarkus-common/1.10.0.Final/kogito-quarkus-common-1.10.0.Final.jar:/home/nelson/.m2/repository/org/mvel/mvel2/2.4.12.Final/mvel2-2.4.12.Final.jar:/home/nelson/.m2/repository/com/jayway/jsonpath/json-path/2.6.0/json-path-2.6.0.jar:/home/nelson/.m2/repository/net/minidev/json-smart/2.4.7/json-smart-2.4.7.jar:/home/nelson/.m2/repository/net/minidev/accessors-smart/2.4.7/accessors-smart-2.4.7.jar:/home/nelson/.m2/repository/io/quarkus/arc/arc-processor/2.1.0.Final/arc-processor-2.1.0.Final.jar:/home/nelson/.m2/repository/io/quarkus/gizmo/gizmo/1.0.9.Final/gizmo-1.0.9.Final.jar:/home/nelson/.m2/repository/org/ow2/asm/asm-util/9.1/asm-util-9.1.jar:/home/nelson/.m2/repository/org/ow2/asm/asm-tree/9.1/asm-tree-9.1.jar:/home/nelson/.m2/repository/org/ow2/asm/asm-analysis/9.1/asm-analysis-9.1.jar:/home/nelson/.m2/repository/io/quarkus/quarkus-undertow/2.1.0.Final/quarkus-undertow-2.1.0.Final.jar:/home/nelson/.m2/repository/io/quarkus/http/quarkus-http-servlet/4.1.1/quarkus-http-servlet-4.1.1.jar:/home/nelson/.m2/repository/jakarta/servlet/jakarta.servlet-api/4.0.3/jakarta.servlet-api-4.0.3.jar:/home/nelson/.m2/repository/io/quarkus/http/quarkus-http-vertx-backend/4.1.1/quarkus-http-vertx-backend-4.1.1.jar:/home/nelson/.m2/repository/io/quarkus/http/quarkus-http-http-core/4.1.1/quarkus-http-http-core-4.1.1.jar:/home/nelson/.m2/repository/io/quarkus/http/quarkus-http-core/4.1.1/quarkus-http-core-4.1.1.jar:/home/nelson/.m2/repository/io/netty/netty-codec-http/4.1.65.Final/netty-codec-http-4.1.65.Final.jar:/home/nelson/.m2/repository/org/kie/kogito/kogito-api/1.10.0.Final/kogito-api-1.10.0.Final.jar:/home/nelson/.m2/repository/org/kie/kie-api/7.58.0.Final/kie-api-7.58.0.Final.jar:/home/nelson/.m2/repository/org/kie/soup/kie-soup-maven-support/7.58.0.Final/kie-soup-maven-support-7.58.0.Final.jar:/home/nelson/.m2/repository/org/kie/kie-dmn-api/7.58.0.Final/kie-dmn-api-7.58.0.Final.jar:/home/nelson/.m2/repository/org/kie/kie-internal/7.58.0.Final/kie-internal-7.58.0.Final.jar:/home/nelson/.m2/repository/org/kie/kie-dmn-model/7.58.0.Final/kie-dmn-model-7.58.0.Final.jar:/home/nelson/.m2/repository/org/kie/kogito/kogito-timer/1.10.0.Final/kogito-timer-1.10.0.Final.jar:/home/nelson/.m2/repository/org/kie/kie-pmml-evaluator-api/7.58.0.Final/kie-pmml-evaluator-api-7.58.0.Final.jar:/home/nelson/.m2/repository/org/kie/kie-pmml-api/7.58.0.Final/kie-pmml-api-7.58.0.Final.jar:/home/nelson/.m2/repository/org/apache/commons/commons-math3/3.4.1/commons-math3-3.4.1.jar:/home/nelson/.m2/repository/org/kie/kie-pmml-commons/7.58.0.Final/kie-pmml-commons-7.58.0.Final.jar:/home/nelson/.m2/repository/org/apache/commons/commons-text/1.9/commons-text-1.9.jar:/home/nelson/.m2/repository/jakarta/annotation/jakarta.annotation-api/1.3.5/jakarta.annotation-api-1.3.5.jar:/home/nelson/.m2/repository/org/kie/kogito/kogito-quarkus-rules/1.10.0.Final/kogito-quarkus-rules-1.10.0.Final.jar:/home/nelson/.m2/repository/org/kie/kogito/kogito-drools/1.10.0.Final/kogito-drools-1.10.0.Final.jar:/home/nelson/.m2/repository/org/kie/kogito/drools-core/1.10.0.Final/drools-core-1.10.0.Final.jar:/home/nelson/.m2/repository/org/drools/drools-core/7.58.0.Final/drools-core-7.58.0.Final.jar:/home/nelson/.m2/repository/org/kie/soup/kie-soup-xstream/7.58.0.Final/kie-soup-xstream-7.58.0.Final.jar:/home/nelson/.m2/repository/org/kie/kogito/kogito-services/1.10.0.Final/kogito-services-1.10.0.Final.jar:/home/nelson/.m2/repository/org/kie/kogito/drools-compiler/1.10.0.Final/drools-compiler-1.10.0.Final.jar:/home/nelson/.m2/repository/org/drools/drools-compiler/7.58.0.Final/drools-compiler-7.58.0.Final.jar:/home/nelson/.m2/repository/org/drools/drools-ecj/7.58.0.Final/drools-ecj-7.58.0.Final.jar:/home/nelson/.m2/repository/org/antlr/antlr-runtime/3.5.2/antlr-runtime-3.5.2.jar:/home/nelson/.m2/repository/org/kie/kogito/drools-core-static/1.10.0.Final/drools-core-static-1.10.0.Final.jar:/home/nelson/.m2/repository/org/drools/drools-core-reflective/7.58.0.Final/drools-core-reflective-7.58.0.Final.jar:/home/nelson/.m2/repository/org/kie/kogito/kogito-ruleunits/1.10.0.Final/kogito-ruleunits-1.10.0.Final.jar:/home/nelson/.m2/repository/org/kie/kogito/kogito-drools-model/1.10.0.Final/kogito-drools-model-1.10.0.Final.jar:/home/nelson/.m2/repository/org/drools/drools-model-compiler/7.58.0.Final/drools-model-compiler-7.58.0.Final.jar:/home/nelson/.m2/repository/org/drools/drools-canonical-model/7.58.0.Final/drools-canonical-model-7.58.0.Final.jar:/home/nelson/.m2/repository/org/drools/drools-mvel-parser/7.58.0.Final/drools-mvel-parser-7.58.0.Final.jar:/home/nelson/.m2/repository/org/drools/drools-mvel-compiler/7.58.0.Final/drools-mvel-compiler-7.58.0.Final.jar:/home/nelson/.m2/repository/org/kie/kogito/kogito-quarkus-decisions/1.10.0.Final/kogito-quarkus-decisions-1.10.0.Final.jar:/home/nelson/.m2/repository/org/kie/kogito/kogito-dmn/1.10.0.Final/kogito-dmn-1.10.0.Final.jar:/home/nelson/.m2/repository/org/kie/kie-dmn-core/7.58.0.Final/kie-dmn-core-7.58.0.Final.jar:/home/nelson/.m2/repository/org/kie/kie-dmn-backend/7.58.0.Final/kie-dmn-backend-7.58.0.Final.jar:/home/nelson/.m2/repository/org/kie/kie-dmn-feel/7.58.0.Final/kie-dmn-feel-7.58.0.Final.jar:/home/nelson/.m2/repository/ch/obermuhlner/big-math/2.0.1/big-math-2.0.1.jar:/home/nelson/.m2/repository/org/kie/kie-memory-compiler/7.58.0.Final/kie-memory-compiler-7.58.0.Final.jar:/home/nelson/.m2/repository/com/github/javaparser/javaparser-core/3.13.10/javaparser-core-3.13.10.jar:/home/nelson/.m2/repository/org/drools/drools-alphanetwork-compiler/7.58.0.Final/drools-alphanetwork-compiler-7.58.0.Final.jar:/home/nelson/.m2/repository/org/antlr/antlr4-runtime/4.8/antlr4-runtime-4.8.jar:/home/nelson/.m2/repository/org/jpmml/pmml-model/1.5.1/pmml-model-1.5.1.jar:/home/nelson/.m2/repository/org/jpmml/pmml-agent/1.5.1/pmml-agent-1.5.1.jar:/home/nelson/.m2/repository/org/kie/kie-dmn-validation/7.58.0.Final/kie-dmn-validation-7.58.0.Final.jar:/home/nelson/.m2/repository/org/kie/kogito/kogito-quarkus-predictions/1.10.0.Final/kogito-quarkus-predictions-1.10.0.Final.jar:/home/nelson/.m2/repository/org/kie/kogito/kogito-pmml/1.10.0.Final/kogito-pmml-1.10.0.Final.jar:/home/nelson/.m2/repository/org/kie/kie-pmml-dependencies/7.58.0.Final/kie-pmml-dependencies-7.58.0.Final.jar:/home/nelson/.m2/repository/org/kie/kie-pmml-compiler-api/7.58.0.Final/kie-pmml-compiler-api-7.58.0.Final.jar:/home/nelson/.m2/repository/org/glassfish/jaxb/jaxb-runtime/2.3.3-b02/jaxb-runtime-2.3.3-b02.jar:/home/nelson/.m2/repository/org/glassfish/jaxb/txw2/2.3.3-b02/txw2-2.3.3-b02.jar:/home/nelson/.m2/repository/com/sun/istack/istack-commons-runtime/3.0.10/istack-commons-runtime-3.0.10.jar:/home/nelson/.m2/repository/org/kie/kie-pmml-compiler-core/7.58.0.Final/kie-pmml-compiler-core-7.58.0.Final.jar:/home/nelson/.m2/repository/org/kie/kie-pmml-compiler-commons/7.58.0.Final/kie-pmml-compiler-commons-7.58.0.Final.jar:/home/nelson/.m2/repository/org/kie/kie-pmml-evaluator-core/7.58.0.Final/kie-pmml-evaluator-core-7.58.0.Final.jar:/home/nelson/.m2/repository/org/kie/kie-pmml-evaluator-assembler/7.58.0.Final/kie-pmml-evaluator-assembler-7.58.0.Final.jar:/home/nelson/.m2/repository/org/kie/kie-pmml-kie-internal/7.58.0.Final/kie-pmml-kie-internal-7.58.0.Final.jar:/home/nelson/.m2/repository/org/kie/kie-pmml-models-drools-common/7.58.0.Final/kie-pmml-models-drools-common-7.58.0.Final.jar:/home/nelson/.m2/repository/org/kie/kie-pmml-models-regression-model/7.58.0.Final/kie-pmml-models-regression-model-7.58.0.Final.jar:/home/nelson/.m2/repository/org/kie/kie-pmml-models-regression-compiler/7.58.0.Final/kie-pmml-models-regression-compiler-7.58.0.Final.jar:/home/nelson/.m2/repository/org/kie/kie-pmml-models-regression-evaluator/7.58.0.Final/kie-pmml-models-regression-evaluator-7.58.0.Final.jar:/home/nelson/.m2/repository/org/kie/kie-pmml-models-drools-tree-model/7.58.0.Final/kie-pmml-models-drools-tree-model-7.58.0.Final.jar:/home/nelson/.m2/repository/org/kie/kie-pmml-models-drools-tree-compiler/7.58.0.Final/kie-pmml-models-drools-tree-compiler-7.58.0.Final.jar:/home/nelson/.m2/repository/org/kie/kie-pmml-models-drools-tree-evaluator/7.58.0.Final/kie-pmml-models-drools-tree-evaluator-7.58.0.Final.jar:/home/nelson/.m2/repository/org/kie/kie-pmml-compiler-api/7.58.0.Final/kie-pmml-compiler-api-7.58.0.Final-tests.jar:/home/nelson/.m2/repository/org/kie/kie-pmml-models-drools-scorecard-model/7.58.0.Final/kie-pmml-models-drools-scorecard-model-7.58.0.Final.jar:/home/nelson/.m2/repository/org/kie/kie-pmml-models-drools-scorecard-compiler/7.58.0.Final/kie-pmml-models-drools-scorecard-compiler-7.58.0.Final.jar:/home/nelson/.m2/repository/org/kie/kie-pmml-models-drools-scorecard-evaluator/7.58.0.Final/kie-pmml-models-drools-scorecard-evaluator-7.58.0.Final.jar:/home/nelson/.m2/repository/org/kie/kie-pmml-models-mining-model/7.58.0.Final/kie-pmml-models-mining-model-7.58.0.Final.jar:/home/nelson/.m2/repository/org/kie/kie-pmml-models-mining-compiler/7.58.0.Final/kie-pmml-models-mining-compiler-7.58.0.Final.jar:/home/nelson/.m2/repository/org/kie/kie-pmml-models-mining-evaluator/7.58.0.Final/kie-pmml-models-mining-evaluator-7.58.0.Final.jar:/home/nelson/.m2/repository/org/kie/kie-pmml-models-clustering-model/7.58.0.Final/kie-pmml-models-clustering-model-7.58.0.Final.jar:/home/nelson/.m2/repository/org/kie/kie-pmml-models-clustering-compiler/7.58.0.Final/kie-pmml-models-clustering-compiler-7.58.0.Final.jar:/home/nelson/.m2/repository/org/kie/kie-pmml-models-clustering-evaluator/7.58.0.Final/kie-pmml-models-clustering-evaluator-7.58.0.Final.jar:/home/nelson/.m2/repository/org/kie/kogito/kogito-quarkus-processes/1.10.0.Final/kogito-quarkus-processes-1.10.0.Final.jar:/home/nelson/.m2/repository/org/kie/kogito/jbpm-bpmn2/1.10.0.Final/jbpm-bpmn2-1.10.0.Final.jar:/home/nelson/.m2/repository/org/kie/kogito/jbpm-flow-builder/1.10.0.Final/jbpm-flow-builder-1.10.0.Final.jar:/home/nelson/.m2/repository/org/kie/kogito/jbpm-flow/1.10.0.Final/jbpm-flow-1.10.0.Final.jar:/home/nelson/.m2/repository/org/kie/kogito/kogito-events-api/1.10.0.Final/kogito-events-api-1.10.0.Final.jar:/home/nelson/.m2/repository/org/kie/kogito/process-workitems/1.10.0.Final/process-workitems-1.10.0.Final.jar:/home/nelson/.m2/repository/org/drools/drools-mvel/7.58.0.Final/drools-mvel-7.58.0.Final.jar:/home/nelson/.m2/repository/org/kie/soup/kie-soup-project-datamodel-commons/7.58.0.Final/kie-soup-project-datamodel-commons-7.58.0.Final.jar:/home/nelson/.m2/repository/org/kie/soup/kie-soup-commons/7.58.0.Final/kie-soup-commons-7.58.0.Final.jar:/home/nelson/.m2/repository/org/kie/soup/kie-soup-project-datamodel-api/7.58.0.Final/kie-soup-project-datamodel-api-7.58.0.Final.jar:/home/nelson/.m2/repository/org/kie/kogito/process-serialization-protobuf/1.10.0.Final/process-serialization-protobuf-1.10.0.Final.jar:/home/nelson/.m2/repository/com/google/protobuf/protobuf-java/3.15.8/protobuf-java-3.15.8.jar:/home/nelson/.m2/repository/com/google/protobuf/protobuf-java-util/3.15.8/protobuf-java-util-3.15.8.jar:/home/nelson/.m2/repository/com/google/guava/guava/30.1.1-jre/guava-30.1.1-jre.jar:/home/nelson/.m2/repository/com/google/guava/failureaccess/1.0.1/failureaccess-1.0.1.jar:/home/nelson/.m2/repository/com/google/guava/listenablefuture/9999.0-empty-to-avoid-conflict-with-guava/listenablefuture-9999.0-empty-to-avoid-conflict-with-guava.jar:/home/nelson/.m2/repository/com/google/code/findbugs/jsr305/3.0.2/jsr305-3.0.2.jar:/home/nelson/.m2/repository/org/checkerframework/checker-qual/2.5.2/checker-qual-2.5.2.jar:/home/nelson/.m2/repository/com/google/j2objc/j2objc-annotations/1.3/j2objc-annotations-1.3.jar:/home/nelson/.m2/repository/com/google/errorprone/error_prone_annotations/2.2.0/error_prone_annotations-2.2.0.jar:/home/nelson/.m2/repository/com/google/code/gson/gson/2.8.6/gson-2.8.6.jar:/home/nelson/.m2/repository/org/infinispan/protostream/protostream/4.4.1.Final/protostream-4.4.1.Final.jar:/home/nelson/.m2/repository/io/quarkus/quarkus-resteasy/2.1.0.Final/quarkus-resteasy-2.1.0.Final.jar:/home/nelson/.m2/repository/io/quarkus/quarkus-vertx-http/2.1.0.Final/quarkus-vertx-http-2.1.0.Final.jar:/home/nelson/.m2/repository/io/quarkus/quarkus-security-runtime-spi/2.1.0.Final/quarkus-security-runtime-spi-2.1.0.Final.jar:/home/nelson/.m2/repository/io/quarkus/quarkus-mutiny/2.1.0.Final/quarkus-mutiny-2.1.0.Final.jar:/home/nelson/.m2/repository/io/smallrye/reactive/mutiny/0.19.2/mutiny-0.19.2.jar:/home/nelson/.m2/repository/org/reactivestreams/reactive-streams/1.0.3/reactive-streams-1.0.3.jar:/home/nelson/.m2/repository/io/quarkus/quarkus-smallrye-context-propagation/2.1.0.Final/quarkus-smallrye-context-propagation-2.1.0.Final.jar:/home/nelson/.m2/repository/io/smallrye/smallrye-context-propagation/1.2.0/smallrye-context-propagation-1.2.0.jar:/home/nelson/.m2/repository/io/smallrye/smallrye-context-propagation-api/1.2.0/smallrye-context-propagation-api-1.2.0.jar:/home/nelson/.m2/repository/io/smallrye/smallrye-context-propagation-storage/1.2.0/smallrye-context-propagation-storage-1.2.0.jar:/home/nelson/.m2/repository/io/smallrye/reactive/mutiny-smallrye-context-propagation/0.19.2/mutiny-smallrye-context-propagation-0.19.2.jar:/home/nelson/.m2/repository/io/quarkus/quarkus-vertx-http-dev-console-runtime-spi/2.1.0.Final/quarkus-vertx-http-dev-console-runtime-spi-2.1.0.Final.jar:/home/nelson/.m2/repository/io/quarkus/security/quarkus-security/1.1.4.Final/quarkus-security-1.1.4.Final.jar:/home/nelson/.m2/repository/io/quarkus/quarkus-vertx-core/2.1.0.Final/quarkus-vertx-core-2.1.0.Final.jar:/home/nelson/.m2/repository/io/quarkus/quarkus-netty/2.1.0.Final/quarkus-netty-2.1.0.Final.jar:/home/nelson/.m2/repository/io/netty/netty-codec/4.1.65.Final/netty-codec-4.1.65.Final.jar:/home/nelson/.m2/repository/io/netty/netty-codec-http2/4.1.65.Final/netty-codec-http2-4.1.65.Final.jar:/home/nelson/.m2/repository/io/netty/netty-handler/4.1.65.Final/netty-handler-4.1.65.Final.jar:/home/nelson/.m2/repository/io/netty/netty-codec-haproxy/4.1.65.Final/netty-codec-haproxy-4.1.65.Final.jar:/home/nelson/.m2/repository/io/netty/netty-buffer/4.1.65.Final/netty-buffer-4.1.65.Final.jar:/home/nelson/.m2/repository/io/netty/netty-transport/4.1.65.Final/netty-transport-4.1.65.Final.jar:/home/nelson/.m2/repository/io/vertx/vertx-core/4.1.2/vertx-core-4.1.2.jar:/home/nelson/.m2/repository/io/netty/netty-common/4.1.65.Final/netty-common-4.1.65.Final.jar:/home/nelson/.m2/repository/io/netty/netty-handler-proxy/4.1.65.Final/netty-handler-proxy-4.1.65.Final.jar:/home/nelson/.m2/repository/io/netty/netty-codec-socks/4.1.65.Final/netty-codec-socks-4.1.65.Final.jar:/home/nelson/.m2/repository/io/netty/netty-resolver/4.1.65.Final/netty-resolver-4.1.65.Final.jar:/home/nelson/.m2/repository/io/netty/netty-resolver-dns/4.1.65.Final/netty-resolver-dns-4.1.65.Final.jar:/home/nelson/.m2/repository/io/netty/netty-codec-dns/4.1.65.Final/netty-codec-dns-4.1.65.Final.jar:/home/nelson/.m2/repository/io/vertx/vertx-web/4.1.2/vertx-web-4.1.2.jar:/home/nelson/.m2/repository/io/vertx/vertx-web-common/4.1.2/vertx-web-common-4.1.2.jar:/home/nelson/.m2/repository/io/vertx/vertx-auth-common/4.1.2/vertx-auth-common-4.1.2.jar:/home/nelson/.m2/repository/io/vertx/vertx-bridge-common/4.1.2/vertx-bridge-common-4.1.2.jar:/home/nelson/.m2/repository/io/quarkus/quarkus-resteasy-server-common/2.1.0.Final/quarkus-resteasy-server-common-2.1.0.Final.jar:/home/nelson/.m2/repository/io/quarkus/quarkus-resteasy-common/2.1.0.Final/quarkus-resteasy-common-2.1.0.Final.jar:/home/nelson/.m2/repository/org/jboss/resteasy/resteasy-core/4.7.0.Final/resteasy-core-4.7.0.Final.jar:/home/nelson/.m2/repository/org/jboss/spec/javax/ws/rs/jboss-jaxrs-api_2.1_spec/2.0.1.Final/jboss-jaxrs-api_2.1_spec-2.0.1.Final.jar:/home/nelson/.m2/repository/org/jboss/resteasy/resteasy-core-spi/4.7.0.Final/resteasy-core-spi-4.7.0.Final.jar:/home/nelson/.m2/repository/com/ibm/async/asyncutil/0.1.0/asyncutil-0.1.0.jar:/home/nelson/.m2/repository/com/sun/activation/jakarta.activation/1.2.1/jakarta.activation-1.2.1.jar:/home/nelson/.m2/repository/jakarta/validation/jakarta.validation-api/2.0.2/jakarta.validation-api-2.0.2.jar:/home/nelson/.m2/repository/io/quarkus/quarkus-resteasy-jackson/2.1.0.Final/quarkus-resteasy-jackson-2.1.0.Final.jar:/home/nelson/.m2/repository/io/quarkus/quarkus-jackson/2.1.0.Final/quarkus-jackson-2.1.0.Final.jar:/home/nelson/.m2/repository/com/fasterxml/jackson/core/jackson-databind/2.12.4/jackson-databind-2.12.4.jar:/home/nelson/.m2/repository/com/fasterxml/jackson/datatype/jackson-datatype-jsr310/2.12.4/jackson-datatype-jsr310-2.12.4.jar:/home/nelson/.m2/repository/com/fasterxml/jackson/datatype/jackson-datatype-jdk8/2.12.4/jackson-datatype-jdk8-2.12.4.jar:/home/nelson/.m2/repository/com/fasterxml/jackson/module/jackson-module-parameter-names/2.12.4/jackson-module-parameter-names-2.12.4.jar:/home/nelson/.m2/repository/org/jboss/resteasy/resteasy-jackson2-provider/4.7.0.Final/resteasy-jackson2-provider-4.7.0.Final.jar:/home/nelson/.m2/repository/com/fasterxml/jackson/core/jackson-core/2.12.4/jackson-core-2.12.4.jar:/home/nelson/.m2/repository/com/fasterxml/jackson/core/jackson-annotations/2.12.4/jackson-annotations-2.12.4.jar:/home/nelson/.m2/repository/com/fasterxml/jackson/jaxrs/jackson-jaxrs-json-provider/2.12.4/jackson-jaxrs-json-provider-2.12.4.jar:/home/nelson/.m2/repository/com/fasterxml/jackson/jaxrs/jackson-jaxrs-base/2.12.4/jackson-jaxrs-base-2.12.4.jar:/home/nelson/.m2/repository/com/fasterxml/jackson/module/jackson-module-jaxb-annotations/2.12.4/jackson-module-jaxb-annotations-2.12.4.jar:/home/nelson/.m2/repository/com/github/java-json-tools/json-patch/1.13/json-patch-1.13.jar:/home/nelson/.m2/repository/com/github/java-json-tools/msg-simple/1.2/msg-simple-1.2.jar:/home/nelson/.m2/repository/com/github/java-json-tools/btf/1.3/btf-1.3.jar:/home/nelson/.m2/repository/com/github/java-json-tools/jackson-coreutils/2.0/jackson-coreutils-2.0.jar:/home/nelson/.m2/repository/org/jboss/logging/jboss-logging/3.4.2.Final/jboss-logging-3.4.2.Final.jar:/home/nelson/.m2/repository/org/jboss/spec/javax/xml/bind/jboss-jaxb-api_2.3_spec/2.0.0.Final/jboss-jaxb-api_2.3_spec-2.0.0.Final.jar:/home/nelson/.m2/repository/io/quarkus/quarkus-smallrye-openapi/2.1.0.Final/quarkus-smallrye-openapi-2.1.0.Final.jar:/home/nelson/.m2/repository/io/smallrye/smallrye-open-api-core/2.1.7/smallrye-open-api-core-2.1.7.jar:/home/nelson/.m2/repository/org/eclipse/microprofile/openapi/microprofile-openapi-api/2.0.1-RC1/microprofile-openapi-api-2.0.1-RC1.jar:/home/nelson/.m2/repository/org/eclipse/microprofile/config/microprofile-config-api/2.0/microprofile-config-api-2.0.jar:/home/nelson/.m2/repository/com/fasterxml/jackson/dataformat/jackson-dataformat-yaml/2.12.4/jackson-dataformat-yaml-2.12.4.jar:/home/nelson/.m2/repository/org/yaml/snakeyaml/1.29/snakeyaml-1.29.jar:/home/nelson/.m2/repository/org/jboss/jandex/2.3.0.Final/jandex-2.3.0.Final.jar:/home/nelson/.m2/repository/io/quarkus/quarkus-core/2.1.0.Final/quarkus-core-2.1.0.Final.jar:/home/nelson/.m2/repository/jakarta/enterprise/jakarta.enterprise.cdi-api/2.0.2/jakarta.enterprise.cdi-api-2.0.2.jar:/home/nelson/.m2/repository/jakarta/el/jakarta.el-api/3.0.3/jakarta.el-api-3.0.3.jar:/home/nelson/.m2/repository/jakarta/interceptor/jakarta.interceptor-api/1.2.5/jakarta.interceptor-api-1.2.5.jar:/home/nelson/.m2/repository/jakarta/inject/jakarta.inject-api/1.0/jakarta.inject-api-1.0.jar:/home/nelson/.m2/repository/io/quarkus/quarkus-ide-launcher/2.1.0.Final/quarkus-ide-launcher-2.1.0.Final.jar:/home/nelson/.m2/repository/io/quarkus/quarkus-development-mode-spi/2.1.0.Final/quarkus-development-mode-spi-2.1.0.Final.jar:/home/nelson/.m2/repository/io/smallrye/config/smallrye-config/2.4.2/smallrye-config-2.4.2.jar:/home/nelson/.m2/repository/io/smallrye/config/smallrye-config-core/2.4.2/smallrye-config-core-2.4.2.jar:/home/nelson/.m2/repository/io/smallrye/common/smallrye-common-expression/1.6.0/smallrye-common-expression-1.6.0.jar:/home/nelson/.m2/repository/io/smallrye/common/smallrye-common-function/1.6.0/smallrye-common-function-1.6.0.jar:/home/nelson/.m2/repository/io/smallrye/common/smallrye-common-constraint/1.6.0/smallrye-common-constraint-1.6.0.jar:/home/nelson/.m2/repository/io/smallrye/common/smallrye-common-classloader/1.6.0/smallrye-common-classloader-1.6.0.jar:/home/nelson/.m2/repository/io/smallrye/config/smallrye-config-common/2.4.2/smallrye-config-common-2.4.2.jar:/home/nelson/.m2/repository/org/jboss/logmanager/jboss-logmanager-embedded/1.0.9/jboss-logmanager-embedded-1.0.9.jar:/home/nelson/.m2/repository/org/jboss/logging/jboss-logging-annotations/2.2.1.Final/jboss-logging-annotations-2.2.1.Final.jar:/home/nelson/.m2/repository/org/jboss/threads/jboss-threads/3.4.0.Final/jboss-threads-3.4.0.Final.jar:/home/nelson/.m2/repository/org/slf4j/slf4j-api/1.7.30/slf4j-api-1.7.30.jar:/home/nelson/.m2/repository/org/jboss/slf4j/slf4j-jboss-logmanager/1.1.0.Final/slf4j-jboss-logmanager-1.1.0.Final.jar:/home/nelson/.m2/repository/org/graalvm/sdk/graal-sdk/21.1.0/graal-sdk-21.1.0.jar:/home/nelson/.m2/repository/org/wildfly/common/wildfly-common/1.5.4.Final-format-001/wildfly-common-1.5.4.Final-format-001.jar:/home/nelson/.m2/repository/io/quarkus/quarkus-bootstrap-runner/2.1.0.Final/quarkus-bootstrap-runner-2.1.0.Final.jar:/home/nelson/.m2/repository/io/quarkus/quarkus-swagger-ui/2.1.0.Final/quarkus-swagger-ui-2.1.0.Final.jar:/home/nelson/.m2/repository/io/quarkus/quarkus-smallrye-health/2.1.0.Final/quarkus-smallrye-health-2.1.0.Final.jar:/home/nelson/.m2/repository/io/smallrye/smallrye-health/3.1.1/smallrye-health-3.1.1.jar:/home/nelson/.m2/repository/org/eclipse/microprofile/health/microprofile-health-api/3.1/microprofile-health-api-3.1.jar:/home/nelson/.m2/repository/io/smallrye/smallrye-health-api/3.1.1/smallrye-health-api-3.1.1.jar:/home/nelson/.m2/repository/io/smallrye/common/smallrye-common-annotation/1.6.0/smallrye-common-annotation-1.6.0.jar:/home/nelson/.m2/repository/io/smallrye/smallrye-health-provided-checks/3.1.1/smallrye-health-provided-checks-3.1.1.jar:/home/nelson/.m2/repository/io/quarkus/quarkus-jsonp/2.1.0.Final/quarkus-jsonp-2.1.0.Final.jar:/home/nelson/.m2/repository/org/glassfish/jakarta.json/1.1.6/jakarta.json-1.1.6.jar:/home/nelson/.m2/repository/io/quarkus/quarkus-arc/2.1.0.Final/quarkus-arc-2.1.0.Final.jar:/home/nelson/.m2/repository/io/quarkus/arc/arc/2.1.0.Final/arc-2.1.0.Final.jar:/home/nelson/.m2/repository/jakarta/transaction/jakarta.transaction-api/1.3.3/jakarta.transaction-api-1.3.3.jar:/home/nelson/.m2/repository/org/eclipse/microprofile/context-propagation/microprofile-context-propagation-api/1.2/microprofile-context-propagation-api-1.2.jar:/home/nelson/.m2/repository/io/quarkus/quarkus-junit5/2.1.0.Final/quarkus-junit5-2.1.0.Final.jar:/home/nelson/.m2/repository/io/quarkus/quarkus-bootstrap-core/2.1.0.Final/quarkus-bootstrap-core-2.1.0.Final.jar:/home/nelson/.m2/repository/io/quarkus/quarkus-bootstrap-app-model/2.1.0.Final/quarkus-bootstrap-app-model-2.1.0.Final.jar:/home/nelson/.m2/repository/io/quarkus/quarkus-bootstrap-maven-resolver/2.1.0.Final/quarkus-bootstrap-maven-resolver-2.1.0.Final.jar:/home/nelson/.m2/repository/org/apache/maven/maven-embedder/3.8.1/maven-embedder-3.8.1.jar:/home/nelson/.m2/repository/org/apache/maven/maven-settings/3.8.1/maven-settings-3.8.1.jar:/home/nelson/.m2/repository/org/apache/maven/maven-core/3.6.2/maven-core-3.6.2.jar:/home/nelson/.m2/repository/org/apache/maven/maven-artifact/3.6.2/maven-artifact-3.6.2.jar:/home/nelson/.m2/repository/org/codehaus/plexus/plexus-component-annotations/1.6/plexus-component-annotations-1.6.jar:/home/nelson/.m2/repository/org/apache/maven/maven-plugin-api/3.6.2/maven-plugin-api-3.6.2.jar:/home/nelson/.m2/repository/org/apache/maven/maven-model/3.8.1/maven-model-3.8.1.jar:/home/nelson/.m2/repository/org/apache/maven/maven-model-builder/3.8.1/maven-model-builder-3.8.1.jar:/home/nelson/.m2/repository/org/apache/maven/maven-builder-support/3.8.1/maven-builder-support-3.8.1.jar:/home/nelson/.m2/repository/org/apache/maven/resolver/maven-resolver-api/1.6.2/maven-resolver-api-1.6.2.jar:/home/nelson/.m2/repository/org/apache/maven/resolver/maven-resolver-util/1.6.2/maven-resolver-util-1.6.2.jar:/home/nelson/.m2/repository/org/apache/maven/shared/maven-shared-utils/3.3.3/maven-shared-utils-3.3.3.jar:/home/nelson/.m2/repository/commons-io/commons-io/2.11.0/commons-io-2.11.0.jar:/home/nelson/.m2/repository/com/google/inject/guice/4.2.1/guice-4.2.1-no_aop.jar:/home/nelson/.m2/repository/org/codehaus/plexus/plexus-utils/3.2.1/plexus-utils-3.2.1.jar:/home/nelson/.m2/repository/org/codehaus/plexus/plexus-classworlds/2.6.0/plexus-classworlds-2.6.0.jar:/home/nelson/.m2/repository/commons-cli/commons-cli/1.4/commons-cli-1.4.jar:/home/nelson/.m2/repository/org/eclipse/sisu/org.eclipse.sisu.plexus/0.3.4/org.eclipse.sisu.plexus-0.3.4.jar:/home/nelson/.m2/repository/org/apache/maven/maven-settings-builder/3.8.1/maven-settings-builder-3.8.1.jar:/home/nelson/.m2/repository/org/codehaus/plexus/plexus-interpolation/1.25/plexus-interpolation-1.25.jar:/home/nelson/.m2/repository/org/sonatype/plexus/plexus-sec-dispatcher/1.4/plexus-sec-dispatcher-1.4.jar:/home/nelson/.m2/repository/org/sonatype/plexus/plexus-cipher/1.4/plexus-cipher-1.4.jar:/home/nelson/.m2/repository/org/apache/maven/maven-resolver-provider/3.8.1/maven-resolver-provider-3.8.1.jar:/home/nelson/.m2/repository/org/apache/maven/maven-repository-metadata/3.8.1/maven-repository-metadata-3.8.1.jar:/home/nelson/.m2/repository/org/apache/maven/resolver/maven-resolver-spi/1.6.2/maven-resolver-spi-1.6.2.jar:/home/nelson/.m2/repository/org/apache/maven/resolver/maven-resolver-impl/1.6.2/maven-resolver-impl-1.6.2.jar:/home/nelson/.m2/repository/org/apache/maven/resolver/maven-resolver-connector-basic/1.6.2/maven-resolver-connector-basic-1.6.2.jar:/home/nelson/.m2/repository/org/apache/maven/resolver/maven-resolver-transport-wagon/1.6.2/maven-resolver-transport-wagon-1.6.2.jar:/home/nelson/.m2/repository/org/apache/maven/wagon/wagon-http/3.4.3/wagon-http-3.4.3.jar:/home/nelson/.m2/repository/org/apache/maven/wagon/wagon-http-shared/3.4.3/wagon-http-shared-3.4.3.jar:/home/nelson/.m2/repository/org/jsoup/jsoup/1.12.1/jsoup-1.12.1.jar:/home/nelson/.m2/repository/org/apache/maven/wagon/wagon-provider-api/3.4.3/wagon-provider-api-3.4.3.jar:/home/nelson/.m2/repository/org/apache/maven/wagon/wagon-file/3.4.3/wagon-file-3.4.3.jar:/home/nelson/.m2/repository/io/quarkus/quarkus-bootstrap-gradle-resolver/2.1.0.Final/quarkus-bootstrap-gradle-resolver-2.1.0.Final.jar:/home/nelson/.m2/repository/io/smallrye/common/smallrye-common-io/1.6.0/smallrye-common-io-1.6.0.jar:/home/nelson/.m2/repository/org/eclipse/sisu/org.eclipse.sisu.inject/0.3.4/org.eclipse.sisu.inject-0.3.4.jar:/home/nelson/.m2/repository/io/quarkus/quarkus-test-common/2.1.0.Final/quarkus-test-common-2.1.0.Final.jar:/home/nelson/.m2/repository/io/quarkus/quarkus-core-deployment/2.1.0.Final/quarkus-core-deployment-2.1.0.Final.jar:/home/nelson/.m2/repository/org/aesh/readline/2.1/readline-2.1.jar:/home/nelson/.m2/repository/org/fusesource/jansi/jansi/1.18/jansi-1.18.jar:/home/nelson/.m2/repository/org/ow2/asm/asm/9.1/asm-9.1.jar:/home/nelson/.m2/repository/io/quarkus/quarkus-class-change-agent/2.1.0.Final/quarkus-class-change-agent-2.1.0.Final.jar:/home/nelson/.m2/repository/io/quarkus/quarkus-devtools-utilities/2.1.0.Final/quarkus-devtools-utilities-2.1.0.Final.jar:/home/nelson/.m2/repository/io/quarkus/quarkus-builder/2.1.0.Final/quarkus-builder-2.1.0.Final.jar:/home/nelson/.m2/repository/org/junit/platform/junit-platform-launcher/1.7.2/junit-platform-launcher-1.7.2.jar:/home/nelson/.m2/repository/io/quarkus/quarkus-jsonp-deployment/2.1.0.Final/quarkus-jsonp-deployment-2.1.0.Final.jar:/home/nelson/.m2/repository/org/jboss/logging/commons-logging-jboss-logging/1.0.0.Final/commons-logging-jboss-logging-1.0.0.Final.jar:/home/nelson/.m2/repository/org/junit/jupiter/junit-jupiter/5.7.2/junit-jupiter-5.7.2.jar:/home/nelson/.m2/repository/org/junit/jupiter/junit-jupiter-api/5.7.2/junit-jupiter-api-5.7.2.jar:/home/nelson/.m2/repository/org/apiguardian/apiguardian-api/1.1.0/apiguardian-api-1.1.0.jar:/home/nelson/.m2/repository/org/opentest4j/opentest4j/1.2.0/opentest4j-1.2.0.jar:/home/nelson/.m2/repository/org/junit/platform/junit-platform-commons/1.7.2/junit-platform-commons-1.7.2.jar:/home/nelson/.m2/repository/org/junit/jupiter/junit-jupiter-params/5.7.2/junit-jupiter-params-5.7.2.jar:/home/nelson/.m2/repository/org/junit/jupiter/junit-jupiter-engine/5.7.2/junit-jupiter-engine-5.7.2.jar:/home/nelson/.m2/repository/org/junit/platform/junit-platform-engine/1.7.2/junit-platform-engine-1.7.2.jar:/home/nelson/.m2/repository/com/thoughtworks/xstream/xstream/1.4.17/xstream-1.4.17.jar:/home/nelson/.m2/repository/io/github/x-stream/mxparser/1.2.1/mxparser-1.2.1.jar:/home/nelson/.m2/repository/xmlpull/xmlpull/1.1.3.1/xmlpull-1.1.3.1.jar:/home/nelson/.m2/repository/io/rest-assured/rest-assured/4.4.0/rest-assured-4.4.0.jar:/home/nelson/.m2/repository/org/codehaus/groovy/groovy/3.0.8/groovy-3.0.8.jar:/home/nelson/.m2/repository/org/codehaus/groovy/groovy-xml/3.0.8/groovy-xml-3.0.8.jar:/home/nelson/.m2/repository/org/apache/httpcomponents/httpclient/4.5.13/httpclient-4.5.13.jar:/home/nelson/.m2/repository/org/apache/httpcomponents/httpcore/4.4.14/httpcore-4.4.14.jar:/home/nelson/.m2/repository/commons-codec/commons-codec/1.15/commons-codec-1.15.jar:/home/nelson/.m2/repository/org/apache/httpcomponents/httpmime/4.5.13/httpmime-4.5.13.jar:/home/nelson/.m2/repository/org/hamcrest/hamcrest/2.1/hamcrest-2.1.jar:/home/nelson/.m2/repository/org/ccil/cowan/tagsoup/tagsoup/1.2.1/tagsoup-1.2.1.jar:/home/nelson/.m2/repository/io/rest-assured/json-path/4.4.0/json-path-4.4.0.jar:/home/nelson/.m2/repository/org/codehaus/groovy/groovy-json/3.0.8/groovy-json-3.0.8.jar:/home/nelson/.m2/repository/io/rest-assured/rest-assured-common/4.4.0/rest-assured-common-4.4.0.jar:/home/nelson/.m2/repository/io/rest-assured/xml-path/4.4.0/xml-path-4.4.0.jar:/home/nelson/.m2/repository/org/apache/commons/commons-lang3/3.12.0/commons-lang3-3.12.0.jar:/home/nelson/.m2/repository/jakarta/xml/bind/jakarta.xml.bind-api/2.3.3/jakarta.xml.bind-api-2.3.3.jar:/home/nelson/.m2/repository/jakarta/activation/jakarta.activation-api/1.2.1/jakarta.activation-api-1.2.1.jar:/home/nelson/.m2/repository/com/sun/xml/bind/jaxb-impl/2.3.0/jaxb-impl-2.3.0.jar:"/>
    <property name="java.vm.vendor" value="Oracle Corporation"/>
    <property name="sun.arch.data.model" value="64"/>
    <property name="java.vendor.url" value="https://java.oracle.com/"/>
    <property name="user.timezone" value="America/Argentina/Buenos_Aires"/>
    <property name="os.name" value="Linux"/>
    <property name="java.vm.specification.version" value="17"/>
    <property name="sun.java.launcher" value="SUN_STANDARD"/>
    <property name="user.country" value="US"/>
    <property name="mp.openapi.extensions.smallrye.defaultProduces" value="application/json"/>
    <property name="quarkus.http.test-port" value="43835"/>
    <property name="sun.boot.library.path" value="/usr/local/software/jdk-17.0.7/lib"/>
    <property name="sun.java.command" value="/home/nelson/kogito/my-first-kogito/target/surefire/surefirebooter17505235104854536937.jar /home/nelson/kogito/my-first-kogito/target/surefire 2023-07-24T17-22-25_896-jvmRun1 surefire13864995778570196503tmp surefire_07047105656688994321tmp"/>
    <property name="maven.home" value="/usr/local/software/apache-maven-3.9.3"/>
    <property name="jdk.debug" value="release"/>
    <property name="surefire.test.class.path" value="/home/nelson/kogito/my-first-kogito/target/test-classes:/home/nelson/kogito/my-first-kogito/target/classes:/home/nelson/.m2/repository/org/kie/kogito/kogito-quarkus/1.10.0.Final/kogito-quarkus-1.10.0.Final.jar:/home/nelson/.m2/repository/org/kie/kogito/kogito-quarkus-common/1.10.0.Final/kogito-quarkus-common-1.10.0.Final.jar:/home/nelson/.m2/repository/org/mvel/mvel2/2.4.12.Final/mvel2-2.4.12.Final.jar:/home/nelson/.m2/repository/com/jayway/jsonpath/json-path/2.6.0/json-path-2.6.0.jar:/home/nelson/.m2/repository/net/minidev/json-smart/2.4.7/json-smart-2.4.7.jar:/home/nelson/.m2/repository/net/minidev/accessors-smart/2.4.7/accessors-smart-2.4.7.jar:/home/nelson/.m2/repository/io/quarkus/arc/arc-processor/2.1.0.Final/arc-processor-2.1.0.Final.jar:/home/nelson/.m2/repository/io/quarkus/gizmo/gizmo/1.0.9.Final/gizmo-1.0.9.Final.jar:/home/nelson/.m2/repository/org/ow2/asm/asm-util/9.1/asm-util-9.1.jar:/home/nelson/.m2/repository/org/ow2/asm/asm-tree/9.1/asm-tree-9.1.jar:/home/nelson/.m2/repository/org/ow2/asm/asm-analysis/9.1/asm-analysis-9.1.jar:/home/nelson/.m2/repository/io/quarkus/quarkus-undertow/2.1.0.Final/quarkus-undertow-2.1.0.Final.jar:/home/nelson/.m2/repository/io/quarkus/http/quarkus-http-servlet/4.1.1/quarkus-http-servlet-4.1.1.jar:/home/nelson/.m2/repository/jakarta/servlet/jakarta.servlet-api/4.0.3/jakarta.servlet-api-4.0.3.jar:/home/nelson/.m2/repository/io/quarkus/http/quarkus-http-vertx-backend/4.1.1/quarkus-http-vertx-backend-4.1.1.jar:/home/nelson/.m2/repository/io/quarkus/http/quarkus-http-http-core/4.1.1/quarkus-http-http-core-4.1.1.jar:/home/nelson/.m2/repository/io/quarkus/http/quarkus-http-core/4.1.1/quarkus-http-core-4.1.1.jar:/home/nelson/.m2/repository/io/netty/netty-codec-http/4.1.65.Final/netty-codec-http-4.1.65.Final.jar:/home/nelson/.m2/repository/org/kie/kogito/kogito-api/1.10.0.Final/kogito-api-1.10.0.Final.jar:/home/nelson/.m2/repository/org/kie/kie-api/7.58.0.Final/kie-api-7.58.0.Final.jar:/home/nelson/.m2/repository/org/kie/soup/kie-soup-maven-support/7.58.0.Final/kie-soup-maven-support-7.58.0.Final.jar:/home/nelson/.m2/repository/org/kie/kie-dmn-api/7.58.0.Final/kie-dmn-api-7.58.0.Final.jar:/home/nelson/.m2/repository/org/kie/kie-internal/7.58.0.Final/kie-internal-7.58.0.Final.jar:/home/nelson/.m2/repository/org/kie/kie-dmn-model/7.58.0.Final/kie-dmn-model-7.58.0.Final.jar:/home/nelson/.m2/repository/org/kie/kogito/kogito-timer/1.10.0.Final/kogito-timer-1.10.0.Final.jar:/home/nelson/.m2/repository/org/kie/kie-pmml-evaluator-api/7.58.0.Final/kie-pmml-evaluator-api-7.58.0.Final.jar:/home/nelson/.m2/repository/org/kie/kie-pmml-api/7.58.0.Final/kie-pmml-api-7.58.0.Final.jar:/home/nelson/.m2/repository/org/apache/commons/commons-math3/3.4.1/commons-math3-3.4.1.jar:/home/nelson/.m2/repository/org/kie/kie-pmml-commons/7.58.0.Final/kie-pmml-commons-7.58.0.Final.jar:/home/nelson/.m2/repository/org/apache/commons/commons-text/1.9/commons-text-1.9.jar:/home/nelson/.m2/repository/jakarta/annotation/jakarta.annotation-api/1.3.5/jakarta.annotation-api-1.3.5.jar:/home/nelson/.m2/repository/org/kie/kogito/kogito-quarkus-rules/1.10.0.Final/kogito-quarkus-rules-1.10.0.Final.jar:/home/nelson/.m2/repository/org/kie/kogito/kogito-drools/1.10.0.Final/kogito-drools-1.10.0.Final.jar:/home/nelson/.m2/repository/org/kie/kogito/drools-core/1.10.0.Final/drools-core-1.10.0.Final.jar:/home/nelson/.m2/repository/org/drools/drools-core/7.58.0.Final/drools-core-7.58.0.Final.jar:/home/nelson/.m2/repository/org/kie/soup/kie-soup-xstream/7.58.0.Final/kie-soup-xstream-7.58.0.Final.jar:/home/nelson/.m2/repository/org/kie/kogito/kogito-services/1.10.0.Final/kogito-services-1.10.0.Final.jar:/home/nelson/.m2/repository/org/kie/kogito/drools-compiler/1.10.0.Final/drools-compiler-1.10.0.Final.jar:/home/nelson/.m2/repository/org/drools/drools-compiler/7.58.0.Final/drools-compiler-7.58.0.Final.jar:/home/nelson/.m2/repository/org/drools/drools-ecj/7.58.0.Final/drools-ecj-7.58.0.Final.jar:/home/nelson/.m2/repository/org/antlr/antlr-runtime/3.5.2/antlr-runtime-3.5.2.jar:/home/nelson/.m2/repository/org/kie/kogito/drools-core-static/1.10.0.Final/drools-core-static-1.10.0.Final.jar:/home/nelson/.m2/repository/org/drools/drools-core-reflective/7.58.0.Final/drools-core-reflective-7.58.0.Final.jar:/home/nelson/.m2/repository/org/kie/kogito/kogito-ruleunits/1.10.0.Final/kogito-ruleunits-1.10.0.Final.jar:/home/nelson/.m2/repository/org/kie/kogito/kogito-drools-model/1.10.0.Final/kogito-drools-model-1.10.0.Final.jar:/home/nelson/.m2/repository/org/drools/drools-model-compiler/7.58.0.Final/drools-model-compiler-7.58.0.Final.jar:/home/nelson/.m2/repository/org/drools/drools-canonical-model/7.58.0.Final/drools-canonical-model-7.58.0.Final.jar:/home/nelson/.m2/repository/org/drools/drools-mvel-parser/7.58.0.Final/drools-mvel-parser-7.58.0.Final.jar:/home/nelson/.m2/repository/org/drools/drools-mvel-compiler/7.58.0.Final/drools-mvel-compiler-7.58.0.Final.jar:/home/nelson/.m2/repository/org/kie/kogito/kogito-quarkus-decisions/1.10.0.Final/kogito-quarkus-decisions-1.10.0.Final.jar:/home/nelson/.m2/repository/org/kie/kogito/kogito-dmn/1.10.0.Final/kogito-dmn-1.10.0.Final.jar:/home/nelson/.m2/repository/org/kie/kie-dmn-core/7.58.0.Final/kie-dmn-core-7.58.0.Final.jar:/home/nelson/.m2/repository/org/kie/kie-dmn-backend/7.58.0.Final/kie-dmn-backend-7.58.0.Final.jar:/home/nelson/.m2/repository/org/kie/kie-dmn-feel/7.58.0.Final/kie-dmn-feel-7.58.0.Final.jar:/home/nelson/.m2/repository/ch/obermuhlner/big-math/2.0.1/big-math-2.0.1.jar:/home/nelson/.m2/repository/org/kie/kie-memory-compiler/7.58.0.Final/kie-memory-compiler-7.58.0.Final.jar:/home/nelson/.m2/repository/com/github/javaparser/javaparser-core/3.13.10/javaparser-core-3.13.10.jar:/home/nelson/.m2/repository/org/drools/drools-alphanetwork-compiler/7.58.0.Final/drools-alphanetwork-compiler-7.58.0.Final.jar:/home/nelson/.m2/repository/org/antlr/antlr4-runtime/4.8/antlr4-runtime-4.8.jar:/home/nelson/.m2/repository/org/jpmml/pmml-model/1.5.1/pmml-model-1.5.1.jar:/home/nelson/.m2/repository/org/jpmml/pmml-agent/1.5.1/pmml-agent-1.5.1.jar:/home/nelson/.m2/repository/org/kie/kie-dmn-validation/7.58.0.Final/kie-dmn-validation-7.58.0.Final.jar:/home/nelson/.m2/repository/org/kie/kogito/kogito-quarkus-predictions/1.10.0.Final/kogito-quarkus-predictions-1.10.0.Final.jar:/home/nelson/.m2/repository/org/kie/kogito/kogito-pmml/1.10.0.Final/kogito-pmml-1.10.0.Final.jar:/home/nelson/.m2/repository/org/kie/kie-pmml-dependencies/7.58.0.Final/kie-pmml-dependencies-7.58.0.Final.jar:/home/nelson/.m2/repository/org/kie/kie-pmml-compiler-api/7.58.0.Final/kie-pmml-compiler-api-7.58.0.Final.jar:/home/nelson/.m2/repository/org/glassfish/jaxb/jaxb-runtime/2.3.3-b02/jaxb-runtime-2.3.3-b02.jar:/home/nelson/.m2/repository/org/glassfish/jaxb/txw2/2.3.3-b02/txw2-2.3.3-b02.jar:/home/nelson/.m2/repository/com/sun/istack/istack-commons-runtime/3.0.10/istack-commons-runtime-3.0.10.jar:/home/nelson/.m2/repository/org/kie/kie-pmml-compiler-core/7.58.0.Final/kie-pmml-compiler-core-7.58.0.Final.jar:/home/nelson/.m2/repository/org/kie/kie-pmml-compiler-commons/7.58.0.Final/kie-pmml-compiler-commons-7.58.0.Final.jar:/home/nelson/.m2/repository/org/kie/kie-pmml-evaluator-core/7.58.0.Final/kie-pmml-evaluator-core-7.58.0.Final.jar:/home/nelson/.m2/repository/org/kie/kie-pmml-evaluator-assembler/7.58.0.Final/kie-pmml-evaluator-assembler-7.58.0.Final.jar:/home/nelson/.m2/repository/org/kie/kie-pmml-kie-internal/7.58.0.Final/kie-pmml-kie-internal-7.58.0.Final.jar:/home/nelson/.m2/repository/org/kie/kie-pmml-models-drools-common/7.58.0.Final/kie-pmml-models-drools-common-7.58.0.Final.jar:/home/nelson/.m2/repository/org/kie/kie-pmml-models-regression-model/7.58.0.Final/kie-pmml-models-regression-model-7.58.0.Final.jar:/home/nelson/.m2/repository/org/kie/kie-pmml-models-regression-compiler/7.58.0.Final/kie-pmml-models-regression-compiler-7.58.0.Final.jar:/home/nelson/.m2/repository/org/kie/kie-pmml-models-regression-evaluator/7.58.0.Final/kie-pmml-models-regression-evaluator-7.58.0.Final.jar:/home/nelson/.m2/repository/org/kie/kie-pmml-models-drools-tree-model/7.58.0.Final/kie-pmml-models-drools-tree-model-7.58.0.Final.jar:/home/nelson/.m2/repository/org/kie/kie-pmml-models-drools-tree-compiler/7.58.0.Final/kie-pmml-models-drools-tree-compiler-7.58.0.Final.jar:/home/nelson/.m2/repository/org/kie/kie-pmml-models-drools-tree-evaluator/7.58.0.Final/kie-pmml-models-drools-tree-evaluator-7.58.0.Final.jar:/home/nelson/.m2/repository/org/kie/kie-pmml-compiler-api/7.58.0.Final/kie-pmml-compiler-api-7.58.0.Final-tests.jar:/home/nelson/.m2/repository/org/kie/kie-pmml-models-drools-scorecard-model/7.58.0.Final/kie-pmml-models-drools-scorecard-model-7.58.0.Final.jar:/home/nelson/.m2/repository/org/kie/kie-pmml-models-drools-scorecard-compiler/7.58.0.Final/kie-pmml-models-drools-scorecard-compiler-7.58.0.Final.jar:/home/nelson/.m2/repository/org/kie/kie-pmml-models-drools-scorecard-evaluator/7.58.0.Final/kie-pmml-models-drools-scorecard-evaluator-7.58.0.Final.jar:/home/nelson/.m2/repository/org/kie/kie-pmml-models-mining-model/7.58.0.Final/kie-pmml-models-mining-model-7.58.0.Final.jar:/home/nelson/.m2/repository/org/kie/kie-pmml-models-mining-compiler/7.58.0.Final/kie-pmml-models-mining-compiler-7.58.0.Final.jar:/home/nelson/.m2/repository/org/kie/kie-pmml-models-mining-evaluator/7.58.0.Final/kie-pmml-models-mining-evaluator-7.58.0.Final.jar:/home/nelson/.m2/repository/org/kie/kie-pmml-models-clustering-model/7.58.0.Final/kie-pmml-models-clustering-model-7.58.0.Final.jar:/home/nelson/.m2/repository/org/kie/kie-pmml-models-clustering-compiler/7.58.0.Final/kie-pmml-models-clustering-compiler-7.58.0.Final.jar:/home/nelson/.m2/repository/org/kie/kie-pmml-models-clustering-evaluator/7.58.0.Final/kie-pmml-models-clustering-evaluator-7.58.0.Final.jar:/home/nelson/.m2/repository/org/kie/kogito/kogito-quarkus-processes/1.10.0.Final/kogito-quarkus-processes-1.10.0.Final.jar:/home/nelson/.m2/repository/org/kie/kogito/jbpm-bpmn2/1.10.0.Final/jbpm-bpmn2-1.10.0.Final.jar:/home/nelson/.m2/repository/org/kie/kogito/jbpm-flow-builder/1.10.0.Final/jbpm-flow-builder-1.10.0.Final.jar:/home/nelson/.m2/repository/org/kie/kogito/jbpm-flow/1.10.0.Final/jbpm-flow-1.10.0.Final.jar:/home/nelson/.m2/repository/org/kie/kogito/kogito-events-api/1.10.0.Final/kogito-events-api-1.10.0.Final.jar:/home/nelson/.m2/repository/org/kie/kogito/process-workitems/1.10.0.Final/process-workitems-1.10.0.Final.jar:/home/nelson/.m2/repository/org/drools/drools-mvel/7.58.0.Final/drools-mvel-7.58.0.Final.jar:/home/nelson/.m2/repository/org/kie/soup/kie-soup-project-datamodel-commons/7.58.0.Final/kie-soup-project-datamodel-commons-7.58.0.Final.jar:/home/nelson/.m2/repository/org/kie/soup/kie-soup-commons/7.58.0.Final/kie-soup-commons-7.58.0.Final.jar:/home/nelson/.m2/repository/org/kie/soup/kie-soup-project-datamodel-api/7.58.0.Final/kie-soup-project-datamodel-api-7.58.0.Final.jar:/home/nelson/.m2/repository/org/kie/kogito/process-serialization-protobuf/1.10.0.Final/process-serialization-protobuf-1.10.0.Final.jar:/home/nelson/.m2/repository/com/google/protobuf/protobuf-java/3.15.8/protobuf-java-3.15.8.jar:/home/nelson/.m2/repository/com/google/protobuf/protobuf-java-util/3.15.8/protobuf-java-util-3.15.8.jar:/home/nelson/.m2/repository/com/google/guava/guava/30.1.1-jre/guava-30.1.1-jre.jar:/home/nelson/.m2/repository/com/google/guava/failureaccess/1.0.1/failureaccess-1.0.1.jar:/home/nelson/.m2/repository/com/google/guava/listenablefuture/9999.0-empty-to-avoid-conflict-with-guava/listenablefuture-9999.0-empty-to-avoid-conflict-with-guava.jar:/home/nelson/.m2/repository/com/google/code/findbugs/jsr305/3.0.2/jsr305-3.0.2.jar:/home/nelson/.m2/repository/org/checkerframework/checker-qual/2.5.2/checker-qual-2.5.2.jar:/home/nelson/.m2/repository/com/google/j2objc/j2objc-annotations/1.3/j2objc-annotations-1.3.jar:/home/nelson/.m2/repository/com/google/errorprone/error_prone_annotations/2.2.0/error_prone_annotations-2.2.0.jar:/home/nelson/.m2/repository/com/google/code/gson/gson/2.8.6/gson-2.8.6.jar:/home/nelson/.m2/repository/org/infinispan/protostream/protostream/4.4.1.Final/protostream-4.4.1.Final.jar:/home/nelson/.m2/repository/io/quarkus/quarkus-resteasy/2.1.0.Final/quarkus-resteasy-2.1.0.Final.jar:/home/nelson/.m2/repository/io/quarkus/quarkus-vertx-http/2.1.0.Final/quarkus-vertx-http-2.1.0.Final.jar:/home/nelson/.m2/repository/io/quarkus/quarkus-security-runtime-spi/2.1.0.Final/quarkus-security-runtime-spi-2.1.0.Final.jar:/home/nelson/.m2/repository/io/quarkus/quarkus-mutiny/2.1.0.Final/quarkus-mutiny-2.1.0.Final.jar:/home/nelson/.m2/repository/io/smallrye/reactive/mutiny/0.19.2/mutiny-0.19.2.jar:/home/nelson/.m2/repository/org/reactivestreams/reactive-streams/1.0.3/reactive-streams-1.0.3.jar:/home/nelson/.m2/repository/io/quarkus/quarkus-smallrye-context-propagation/2.1.0.Final/quarkus-smallrye-context-propagation-2.1.0.Final.jar:/home/nelson/.m2/repository/io/smallrye/smallrye-context-propagation/1.2.0/smallrye-context-propagation-1.2.0.jar:/home/nelson/.m2/repository/io/smallrye/smallrye-context-propagation-api/1.2.0/smallrye-context-propagation-api-1.2.0.jar:/home/nelson/.m2/repository/io/smallrye/smallrye-context-propagation-storage/1.2.0/smallrye-context-propagation-storage-1.2.0.jar:/home/nelson/.m2/repository/io/smallrye/reactive/mutiny-smallrye-context-propagation/0.19.2/mutiny-smallrye-context-propagation-0.19.2.jar:/home/nelson/.m2/repository/io/quarkus/quarkus-vertx-http-dev-console-runtime-spi/2.1.0.Final/quarkus-vertx-http-dev-console-runtime-spi-2.1.0.Final.jar:/home/nelson/.m2/repository/io/quarkus/security/quarkus-security/1.1.4.Final/quarkus-security-1.1.4.Final.jar:/home/nelson/.m2/repository/io/quarkus/quarkus-vertx-core/2.1.0.Final/quarkus-vertx-core-2.1.0.Final.jar:/home/nelson/.m2/repository/io/quarkus/quarkus-netty/2.1.0.Final/quarkus-netty-2.1.0.Final.jar:/home/nelson/.m2/repository/io/netty/netty-codec/4.1.65.Final/netty-codec-4.1.65.Final.jar:/home/nelson/.m2/repository/io/netty/netty-codec-http2/4.1.65.Final/netty-codec-http2-4.1.65.Final.jar:/home/nelson/.m2/repository/io/netty/netty-handler/4.1.65.Final/netty-handler-4.1.65.Final.jar:/home/nelson/.m2/repository/io/netty/netty-codec-haproxy/4.1.65.Final/netty-codec-haproxy-4.1.65.Final.jar:/home/nelson/.m2/repository/io/netty/netty-buffer/4.1.65.Final/netty-buffer-4.1.65.Final.jar:/home/nelson/.m2/repository/io/netty/netty-transport/4.1.65.Final/netty-transport-4.1.65.Final.jar:/home/nelson/.m2/repository/io/vertx/vertx-core/4.1.2/vertx-core-4.1.2.jar:/home/nelson/.m2/repository/io/netty/netty-common/4.1.65.Final/netty-common-4.1.65.Final.jar:/home/nelson/.m2/repository/io/netty/netty-handler-proxy/4.1.65.Final/netty-handler-proxy-4.1.65.Final.jar:/home/nelson/.m2/repository/io/netty/netty-codec-socks/4.1.65.Final/netty-codec-socks-4.1.65.Final.jar:/home/nelson/.m2/repository/io/netty/netty-resolver/4.1.65.Final/netty-resolver-4.1.65.Final.jar:/home/nelson/.m2/repository/io/netty/netty-resolver-dns/4.1.65.Final/netty-resolver-dns-4.1.65.Final.jar:/home/nelson/.m2/repository/io/netty/netty-codec-dns/4.1.65.Final/netty-codec-dns-4.1.65.Final.jar:/home/nelson/.m2/repository/io/vertx/vertx-web/4.1.2/vertx-web-4.1.2.jar:/home/nelson/.m2/repository/io/vertx/vertx-web-common/4.1.2/vertx-web-common-4.1.2.jar:/home/nelson/.m2/repository/io/vertx/vertx-auth-common/4.1.2/vertx-auth-common-4.1.2.jar:/home/nelson/.m2/repository/io/vertx/vertx-bridge-common/4.1.2/vertx-bridge-common-4.1.2.jar:/home/nelson/.m2/repository/io/quarkus/quarkus-resteasy-server-common/2.1.0.Final/quarkus-resteasy-server-common-2.1.0.Final.jar:/home/nelson/.m2/repository/io/quarkus/quarkus-resteasy-common/2.1.0.Final/quarkus-resteasy-common-2.1.0.Final.jar:/home/nelson/.m2/repository/org/jboss/resteasy/resteasy-core/4.7.0.Final/resteasy-core-4.7.0.Final.jar:/home/nelson/.m2/repository/org/jboss/spec/javax/ws/rs/jboss-jaxrs-api_2.1_spec/2.0.1.Final/jboss-jaxrs-api_2.1_spec-2.0.1.Final.jar:/home/nelson/.m2/repository/org/jboss/resteasy/resteasy-core-spi/4.7.0.Final/resteasy-core-spi-4.7.0.Final.jar:/home/nelson/.m2/repository/com/ibm/async/asyncutil/0.1.0/asyncutil-0.1.0.jar:/home/nelson/.m2/repository/com/sun/activation/jakarta.activation/1.2.1/jakarta.activation-1.2.1.jar:/home/nelson/.m2/repository/jakarta/validation/jakarta.validation-api/2.0.2/jakarta.validation-api-2.0.2.jar:/home/nelson/.m2/repository/io/quarkus/quarkus-resteasy-jackson/2.1.0.Final/quarkus-resteasy-jackson-2.1.0.Final.jar:/home/nelson/.m2/repository/io/quarkus/quarkus-jackson/2.1.0.Final/quarkus-jackson-2.1.0.Final.jar:/home/nelson/.m2/repository/com/fasterxml/jackson/core/jackson-databind/2.12.4/jackson-databind-2.12.4.jar:/home/nelson/.m2/repository/com/fasterxml/jackson/datatype/jackson-datatype-jsr310/2.12.4/jackson-datatype-jsr310-2.12.4.jar:/home/nelson/.m2/repository/com/fasterxml/jackson/datatype/jackson-datatype-jdk8/2.12.4/jackson-datatype-jdk8-2.12.4.jar:/home/nelson/.m2/repository/com/fasterxml/jackson/module/jackson-module-parameter-names/2.12.4/jackson-module-parameter-names-2.12.4.jar:/home/nelson/.m2/repository/org/jboss/resteasy/resteasy-jackson2-provider/4.7.0.Final/resteasy-jackson2-provider-4.7.0.Final.jar:/home/nelson/.m2/repository/com/fasterxml/jackson/core/jackson-core/2.12.4/jackson-core-2.12.4.jar:/home/nelson/.m2/repository/com/fasterxml/jackson/core/jackson-annotations/2.12.4/jackson-annotations-2.12.4.jar:/home/nelson/.m2/repository/com/fasterxml/jackson/jaxrs/jackson-jaxrs-json-provider/2.12.4/jackson-jaxrs-json-provider-2.12.4.jar:/home/nelson/.m2/repository/com/fasterxml/jackson/jaxrs/jackson-jaxrs-base/2.12.4/jackson-jaxrs-base-2.12.4.jar:/home/nelson/.m2/repository/com/fasterxml/jackson/module/jackson-module-jaxb-annotations/2.12.4/jackson-module-jaxb-annotations-2.12.4.jar:/home/nelson/.m2/repository/com/github/java-json-tools/json-patch/1.13/json-patch-1.13.jar:/home/nelson/.m2/repository/com/github/java-json-tools/msg-simple/1.2/msg-simple-1.2.jar:/home/nelson/.m2/repository/com/github/java-json-tools/btf/1.3/btf-1.3.jar:/home/nelson/.m2/repository/com/github/java-json-tools/jackson-coreutils/2.0/jackson-coreutils-2.0.jar:/home/nelson/.m2/repository/org/jboss/logging/jboss-logging/3.4.2.Final/jboss-logging-3.4.2.Final.jar:/home/nelson/.m2/repository/org/jboss/spec/javax/xml/bind/jboss-jaxb-api_2.3_spec/2.0.0.Final/jboss-jaxb-api_2.3_spec-2.0.0.Final.jar:/home/nelson/.m2/repository/io/quarkus/quarkus-smallrye-openapi/2.1.0.Final/quarkus-smallrye-openapi-2.1.0.Final.jar:/home/nelson/.m2/repository/io/smallrye/smallrye-open-api-core/2.1.7/smallrye-open-api-core-2.1.7.jar:/home/nelson/.m2/repository/org/eclipse/microprofile/openapi/microprofile-openapi-api/2.0.1-RC1/microprofile-openapi-api-2.0.1-RC1.jar:/home/nelson/.m2/repository/org/eclipse/microprofile/config/microprofile-config-api/2.0/microprofile-config-api-2.0.jar:/home/nelson/.m2/repository/com/fasterxml/jackson/dataformat/jackson-dataformat-yaml/2.12.4/jackson-dataformat-yaml-2.12.4.jar:/home/nelson/.m2/repository/org/yaml/snakeyaml/1.29/snakeyaml-1.29.jar:/home/nelson/.m2/repository/org/jboss/jandex/2.3.0.Final/jandex-2.3.0.Final.jar:/home/nelson/.m2/repository/io/quarkus/quarkus-core/2.1.0.Final/quarkus-core-2.1.0.Final.jar:/home/nelson/.m2/repository/jakarta/enterprise/jakarta.enterprise.cdi-api/2.0.2/jakarta.enterprise.cdi-api-2.0.2.jar:/home/nelson/.m2/repository/jakarta/el/jakarta.el-api/3.0.3/jakarta.el-api-3.0.3.jar:/home/nelson/.m2/repository/jakarta/interceptor/jakarta.interceptor-api/1.2.5/jakarta.interceptor-api-1.2.5.jar:/home/nelson/.m2/repository/jakarta/inject/jakarta.inject-api/1.0/jakarta.inject-api-1.0.jar:/home/nelson/.m2/repository/io/quarkus/quarkus-ide-launcher/2.1.0.Final/quarkus-ide-launcher-2.1.0.Final.jar:/home/nelson/.m2/repository/io/quarkus/quarkus-development-mode-spi/2.1.0.Final/quarkus-development-mode-spi-2.1.0.Final.jar:/home/nelson/.m2/repository/io/smallrye/config/smallrye-config/2.4.2/smallrye-config-2.4.2.jar:/home/nelson/.m2/repository/io/smallrye/config/smallrye-config-core/2.4.2/smallrye-config-core-2.4.2.jar:/home/nelson/.m2/repository/io/smallrye/common/smallrye-common-expression/1.6.0/smallrye-common-expression-1.6.0.jar:/home/nelson/.m2/repository/io/smallrye/common/smallrye-common-function/1.6.0/smallrye-common-function-1.6.0.jar:/home/nelson/.m2/repository/io/smallrye/common/smallrye-common-constraint/1.6.0/smallrye-common-constraint-1.6.0.jar:/home/nelson/.m2/repository/io/smallrye/common/smallrye-common-classloader/1.6.0/smallrye-common-classloader-1.6.0.jar:/home/nelson/.m2/repository/io/smallrye/config/smallrye-config-common/2.4.2/smallrye-config-common-2.4.2.jar:/home/nelson/.m2/repository/org/jboss/logmanager/jboss-logmanager-embedded/1.0.9/jboss-logmanager-embedded-1.0.9.jar:/home/nelson/.m2/repository/org/jboss/logging/jboss-logging-annotations/2.2.1.Final/jboss-logging-annotations-2.2.1.Final.jar:/home/nelson/.m2/repository/org/jboss/threads/jboss-threads/3.4.0.Final/jboss-threads-3.4.0.Final.jar:/home/nelson/.m2/repository/org/slf4j/slf4j-api/1.7.30/slf4j-api-1.7.30.jar:/home/nelson/.m2/repository/org/jboss/slf4j/slf4j-jboss-logmanager/1.1.0.Final/slf4j-jboss-logmanager-1.1.0.Final.jar:/home/nelson/.m2/repository/org/graalvm/sdk/graal-sdk/21.1.0/graal-sdk-21.1.0.jar:/home/nelson/.m2/repository/org/wildfly/common/wildfly-common/1.5.4.Final-format-001/wildfly-common-1.5.4.Final-format-001.jar:/home/nelson/.m2/repository/io/quarkus/quarkus-bootstrap-runner/2.1.0.Final/quarkus-bootstrap-runner-2.1.0.Final.jar:/home/nelson/.m2/repository/io/quarkus/quarkus-swagger-ui/2.1.0.Final/quarkus-swagger-ui-2.1.0.Final.jar:/home/nelson/.m2/repository/io/quarkus/quarkus-smallrye-health/2.1.0.Final/quarkus-smallrye-health-2.1.0.Final.jar:/home/nelson/.m2/repository/io/smallrye/smallrye-health/3.1.1/smallrye-health-3.1.1.jar:/home/nelson/.m2/repository/org/eclipse/microprofile/health/microprofile-health-api/3.1/microprofile-health-api-3.1.jar:/home/nelson/.m2/repository/io/smallrye/smallrye-health-api/3.1.1/smallrye-health-api-3.1.1.jar:/home/nelson/.m2/repository/io/smallrye/common/smallrye-common-annotation/1.6.0/smallrye-common-annotation-1.6.0.jar:/home/nelson/.m2/repository/io/smallrye/smallrye-health-provided-checks/3.1.1/smallrye-health-provided-checks-3.1.1.jar:/home/nelson/.m2/repository/io/quarkus/quarkus-jsonp/2.1.0.Final/quarkus-jsonp-2.1.0.Final.jar:/home/nelson/.m2/repository/org/glassfish/jakarta.json/1.1.6/jakarta.json-1.1.6.jar:/home/nelson/.m2/repository/io/quarkus/quarkus-arc/2.1.0.Final/quarkus-arc-2.1.0.Final.jar:/home/nelson/.m2/repository/io/quarkus/arc/arc/2.1.0.Final/arc-2.1.0.Final.jar:/home/nelson/.m2/repository/jakarta/transaction/jakarta.transaction-api/1.3.3/jakarta.transaction-api-1.3.3.jar:/home/nelson/.m2/repository/org/eclipse/microprofile/context-propagation/microprofile-context-propagation-api/1.2/microprofile-context-propagation-api-1.2.jar:/home/nelson/.m2/repository/io/quarkus/quarkus-junit5/2.1.0.Final/quarkus-junit5-2.1.0.Final.jar:/home/nelson/.m2/repository/io/quarkus/quarkus-bootstrap-core/2.1.0.Final/quarkus-bootstrap-core-2.1.0.Final.jar:/home/nelson/.m2/repository/io/quarkus/quarkus-bootstrap-app-model/2.1.0.Final/quarkus-bootstrap-app-model-2.1.0.Final.jar:/home/nelson/.m2/repository/io/quarkus/quarkus-bootstrap-maven-resolver/2.1.0.Final/quarkus-bootstrap-maven-resolver-2.1.0.Final.jar:/home/nelson/.m2/repository/org/apache/maven/maven-embedder/3.8.1/maven-embedder-3.8.1.jar:/home/nelson/.m2/repository/org/apache/maven/maven-settings/3.8.1/maven-settings-3.8.1.jar:/home/nelson/.m2/repository/org/apache/maven/maven-core/3.6.2/maven-core-3.6.2.jar:/home/nelson/.m2/repository/org/apache/maven/maven-artifact/3.6.2/maven-artifact-3.6.2.jar:/home/nelson/.m2/repository/org/codehaus/plexus/plexus-component-annotations/1.6/plexus-component-annotations-1.6.jar:/home/nelson/.m2/repository/org/apache/maven/maven-plugin-api/3.6.2/maven-plugin-api-3.6.2.jar:/home/nelson/.m2/repository/org/apache/maven/maven-model/3.8.1/maven-model-3.8.1.jar:/home/nelson/.m2/repository/org/apache/maven/maven-model-builder/3.8.1/maven-model-builder-3.8.1.jar:/home/nelson/.m2/repository/org/apache/maven/maven-builder-support/3.8.1/maven-builder-support-3.8.1.jar:/home/nelson/.m2/repository/org/apache/maven/resolver/maven-resolver-api/1.6.2/maven-resolver-api-1.6.2.jar:/home/nelson/.m2/repository/org/apache/maven/resolver/maven-resolver-util/1.6.2/maven-resolver-util-1.6.2.jar:/home/nelson/.m2/repository/org/apache/maven/shared/maven-shared-utils/3.3.3/maven-shared-utils-3.3.3.jar:/home/nelson/.m2/repository/commons-io/commons-io/2.11.0/commons-io-2.11.0.jar:/home/nelson/.m2/repository/com/google/inject/guice/4.2.1/guice-4.2.1-no_aop.jar:/home/nelson/.m2/repository/org/codehaus/plexus/plexus-utils/3.2.1/plexus-utils-3.2.1.jar:/home/nelson/.m2/repository/org/codehaus/plexus/plexus-classworlds/2.6.0/plexus-classworlds-2.6.0.jar:/home/nelson/.m2/repository/commons-cli/commons-cli/1.4/commons-cli-1.4.jar:/home/nelson/.m2/repository/org/eclipse/sisu/org.eclipse.sisu.plexus/0.3.4/org.eclipse.sisu.plexus-0.3.4.jar:/home/nelson/.m2/repository/org/apache/maven/maven-settings-builder/3.8.1/maven-settings-builder-3.8.1.jar:/home/nelson/.m2/repository/org/codehaus/plexus/plexus-interpolation/1.25/plexus-interpolation-1.25.jar:/home/nelson/.m2/repository/org/sonatype/plexus/plexus-sec-dispatcher/1.4/plexus-sec-dispatcher-1.4.jar:/home/nelson/.m2/repository/org/sonatype/plexus/plexus-cipher/1.4/plexus-cipher-1.4.jar:/home/nelson/.m2/repository/org/apache/maven/maven-resolver-provider/3.8.1/maven-resolver-provider-3.8.1.jar:/home/nelson/.m2/repository/org/apache/maven/maven-repository-metadata/3.8.1/maven-repository-metadata-3.8.1.jar:/home/nelson/.m2/repository/org/apache/maven/resolver/maven-resolver-spi/1.6.2/maven-resolver-spi-1.6.2.jar:/home/nelson/.m2/repository/org/apache/maven/resolver/maven-resolver-impl/1.6.2/maven-resolver-impl-1.6.2.jar:/home/nelson/.m2/repository/org/apache/maven/resolver/maven-resolver-connector-basic/1.6.2/maven-resolver-connector-basic-1.6.2.jar:/home/nelson/.m2/repository/org/apache/maven/resolver/maven-resolver-transport-wagon/1.6.2/maven-resolver-transport-wagon-1.6.2.jar:/home/nelson/.m2/repository/org/apache/maven/wagon/wagon-http/3.4.3/wagon-http-3.4.3.jar:/home/nelson/.m2/repository/org/apache/maven/wagon/wagon-http-shared/3.4.3/wagon-http-shared-3.4.3.jar:/home/nelson/.m2/repository/org/jsoup/jsoup/1.12.1/jsoup-1.12.1.jar:/home/nelson/.m2/repository/org/apache/maven/wagon/wagon-provider-api/3.4.3/wagon-provider-api-3.4.3.jar:/home/nelson/.m2/repository/org/apache/maven/wagon/wagon-file/3.4.3/wagon-file-3.4.3.jar:/home/nelson/.m2/repository/io/quarkus/quarkus-bootstrap-gradle-resolver/2.1.0.Final/quarkus-bootstrap-gradle-resolver-2.1.0.Final.jar:/home/nelson/.m2/repository/io/smallrye/common/smallrye-common-io/1.6.0/smallrye-common-io-1.6.0.jar:/home/nelson/.m2/repository/org/eclipse/sisu/org.eclipse.sisu.inject/0.3.4/org.eclipse.sisu.inject-0.3.4.jar:/home/nelson/.m2/repository/io/quarkus/quarkus-test-common/2.1.0.Final/quarkus-test-common-2.1.0.Final.jar:/home/nelson/.m2/repository/io/quarkus/quarkus-core-deployment/2.1.0.Final/quarkus-core-deployment-2.1.0.Final.jar:/home/nelson/.m2/repository/org/aesh/readline/2.1/readline-2.1.jar:/home/nelson/.m2/repository/org/fusesource/jansi/jansi/1.18/jansi-1.18.jar:/home/nelson/.m2/repository/org/ow2/asm/asm/9.1/asm-9.1.jar:/home/nelson/.m2/repository/io/quarkus/quarkus-class-change-agent/2.1.0.Final/quarkus-class-change-agent-2.1.0.Final.jar:/home/nelson/.m2/repository/io/quarkus/quarkus-devtools-utilities/2.1.0.Final/quarkus-devtools-utilities-2.1.0.Final.jar:/home/nelson/.m2/repository/io/quarkus/quarkus-builder/2.1.0.Final/quarkus-builder-2.1.0.Final.jar:/home/nelson/.m2/repository/org/junit/platform/junit-platform-launcher/1.7.2/junit-platform-launcher-1.7.2.jar:/home/nelson/.m2/repository/io/quarkus/quarkus-jsonp-deployment/2.1.0.Final/quarkus-jsonp-deployment-2.1.0.Final.jar:/home/nelson/.m2/repository/org/jboss/logging/commons-logging-jboss-logging/1.0.0.Final/commons-logging-jboss-logging-1.0.0.Final.jar:/home/nelson/.m2/repository/org/junit/jupiter/junit-jupiter/5.7.2/junit-jupiter-5.7.2.jar:/home/nelson/.m2/repository/org/junit/jupiter/junit-jupiter-api/5.7.2/junit-jupiter-api-5.7.2.jar:/home/nelson/.m2/repository/org/apiguardian/apiguardian-api/1.1.0/apiguardian-api-1.1.0.jar:/home/nelson/.m2/repository/org/opentest4j/opentest4j/1.2.0/opentest4j-1.2.0.jar:/home/nelson/.m2/repository/org/junit/platform/junit-platform-commons/1.7.2/junit-platform-commons-1.7.2.jar:/home/nelson/.m2/repository/org/junit/jupiter/junit-jupiter-params/5.7.2/junit-jupiter-params-5.7.2.jar:/home/nelson/.m2/repository/org/junit/jupiter/junit-jupiter-engine/5.7.2/junit-jupiter-engine-5.7.2.jar:/home/nelson/.m2/repository/org/junit/platform/junit-platform-engine/1.7.2/junit-platform-engine-1.7.2.jar:/home/nelson/.m2/repository/com/thoughtworks/xstream/xstream/1.4.17/xstream-1.4.17.jar:/home/nelson/.m2/repository/io/github/x-stream/mxparser/1.2.1/mxparser-1.2.1.jar:/home/nelson/.m2/repository/xmlpull/xmlpull/1.1.3.1/xmlpull-1.1.3.1.jar:/home/nelson/.m2/repository/io/rest-assured/rest-assured/4.4.0/rest-assured-4.4.0.jar:/home/nelson/.m2/repository/org/codehaus/groovy/groovy/3.0.8/groovy-3.0.8.jar:/home/nelson/.m2/repository/org/codehaus/groovy/groovy-xml/3.0.8/groovy-xml-3.0.8.jar:/home/nelson/.m2/repository/org/apache/httpcomponents/httpclient/4.5.13/httpclient-4.5.13.jar:/home/nelson/.m2/repository/org/apache/httpcomponents/httpcore/4.4.14/httpcore-4.4.14.jar:/home/nelson/.m2/repository/commons-codec/commons-codec/1.15/commons-codec-1.15.jar:/home/nelson/.m2/repository/org/apache/httpcomponents/httpmime/4.5.13/httpmime-4.5.13.jar:/home/nelson/.m2/repository/org/hamcrest/hamcrest/2.1/hamcrest-2.1.jar:/home/nelson/.m2/repository/org/ccil/cowan/tagsoup/tagsoup/1.2.1/tagsoup-1.2.1.jar:/home/nelson/.m2/repository/io/rest-assured/json-path/4.4.0/json-path-4.4.0.jar:/home/nelson/.m2/repository/org/codehaus/groovy/groovy-json/3.0.8/groovy-json-3.0.8.jar:/home/nelson/.m2/repository/io/rest-assured/rest-assured-common/4.4.0/rest-assured-common-4.4.0.jar:/home/nelson/.m2/repository/io/rest-assured/xml-path/4.4.0/xml-path-4.4.0.jar:/home/nelson/.m2/repository/org/apache/commons/commons-lang3/3.12.0/commons-lang3-3.12.0.jar:/home/nelson/.m2/repository/jakarta/xml/bind/jakarta.xml.bind-api/2.3.3/jakarta.xml.bind-api-2.3.3.jar:/home/nelson/.m2/repository/jakarta/activation/jakarta.activation-api/1.2.1/jakarta.activation-api-1.2.1.jar:/home/nelson/.m2/repository/com/sun/xml/bind/jaxb-impl/2.3.0/jaxb-impl-2.3.0.jar:"/>
    <property name="sun.cpu.endian" value="little"/>
    <property name="user.home" value="/home/nelson"/>
    <property name="user.language" value="en"/>
    <property name="java.specification.vendor" value="Oracle Corporation"/>
    <property name="io.netty.allocator.maxOrder" value="3"/>
    <property name="java.version.date" value="2023-04-18"/>
    <property name="java.home" value="/usr/local/software/jdk-17.0.7"/>
    <property name="file.separator" value="/"/>
    <property name="basedir" value="/home/nelson/kogito/my-first-kogito"/>
    <property name="java.vm.compressedOopsMode" value="32-bit"/>
    <property name="line.separator" value="&#10;"/>
    <property name="java.specification.name" value="Java Platform API Specification"/>
    <property name="java.vm.specification.vendor" value="Oracle Corporation"/>
    <property name="%test.quarkus.http.port" value="43835"/>
    <property name="surefire.real.class.path" value="/home/nelson/kogito/my-first-kogito/target/surefire/surefirebooter17505235104854536937.jar"/>
    <property name="sun.management.compiler" value="HotSpot 64-Bit Tiered Compilers"/>
    <property name="java.runtime.version" value="17.0.7+8-LTS-224"/>
    <property name="user.name" value="nelson"/>
    <property name="path.separator" value=":"/>
    <property name="securerandom.source" value="file:/dev/./urandom"/>
    <property name="os.version" value="5.19.0-46-generic"/>
    <property name="java.runtime.name" value="Java(TM) SE Runtime Environment"/>
    <property name="file.encoding" value="UTF-8"/>
    <property name="sun.nio.ch.bugLevel" value=""/>
    <property name="java.vm.name" value="Java HotSpot(TM) 64-Bit Server VM"/>
    <property name="localRepository" value="/home/nelson/.m2/repository"/>
    <property name="java.vendor.url.bug" value="https://bugreport.java.com/bugreport/"/>
    <property name="java.io.tmpdir" value="/tmp"/>
    <property name="quarkus.log.file.path" value="target/quarkus.log"/>
    <property name="java.version" value="17.0.7"/>
    <property name="user.dir" value="/home/nelson/kogito/my-first-kogito"/>
    <property name="os.arch" value="amd64"/>
    <property name="java.vm.specification.name" value="Java Virtual Machine Specification"/>
    <property name="vertx.disableDnsResolver" value="true"/>
    <property name="native.encoding" value="UTF-8"/>
    <property name="java.util.logging.manager" value="org.jboss.logmanager.LogManager"/>
    <property name="java.library.path" value="/usr/java/packages/lib:/usr/lib64:/lib64:/lib:/usr/lib"/>
    <property name="java.vm.info" value="mixed mode, sharing"/>
    <property name="java.vendor" value="Oracle Corporation"/>
    <property name="java.vm.version" value="17.0.7+8-LTS-224"/>
    <property name="sun.io.unicode.encoding" value="UnicodeLittle"/>
    <property name="io.netty.machineId" value="57:b6:87:b3:aa:dc:15:33"/>
    <property name="java.class.version" value="61.0"/>
    <property name="quarkus.http.port" value="43835"/>
    <property name="mp.openapi.extensions.smallrye.defaultConsumes" value="application/json"/>
  </properties>
  <testcase name="testHelloEndpoint" classname="com.redhat.GreetingsTest" time="5.958">
    <system-out><![CDATA[2023-07-24 17:22:59,147 INFO  [org.kie.kog.cod.api.uti.AddonsConfigDiscovery] (build-12) Performed addonsConfig discovery, found: AddonsConfig{usePersistence=false, useTracing=false, useMonitoring=false, usePrometheusMonitoring=false, useCloudEvents=false, useExplainability=false, useProcessSVG=false, useMultiChannel=false}
2023-07-24 17:23:00,330 INFO  [org.kie.kog.cod.cor.uti.ApplicationGeneratorDiscovery] (build-12) Generator discovery performed, found [openapispecs, processes, rules, decisions, predictions]
2023-07-24 17:23:00,877 WARN  [org.kie.kog.cod.pro.ProcessCodegen] (build-12) There's already a generated file named com/redhat/GreetingsModel.java to be compiled. Ignoring.
2023-07-24 17:23:04,950 INFO  [org.kie.kog.cod.dec.DecisionValidation] (build-12) Initializing DMN DT Validator...
2023-07-24 17:23:04,951 INFO  [org.kie.kog.cod.dec.DecisionValidation] (build-12) DMN DT Validator initialized.
2023-07-24 17:23:04,951 INFO  [org.kie.kog.cod.dec.DecisionValidation] (build-12) Analysing decision tables in DMN Model 'Traffic Violation' ...
2023-07-24 17:23:04,983 INFO  [org.kie.kog.cod.dec.DecisionValidation] (build-12)  analysis for decision table 'Fine':
2023-07-24 17:23:04,987 WARN  [org.kie.kog.cod.dec.DecisionValidation] (build-12)   Gap detected: [ "speed", <10 ]
2023-07-24 17:23:07,355 INFO  [org.kie.kog.cod.api.uti.AddonsConfigDiscovery] (build-18) Performed addonsConfig discovery, found: AddonsConfig{usePersistence=false, useTracing=false, useMonitoring=false, usePrometheusMonitoring=false, useCloudEvents=false, useExplainability=false, useProcessSVG=false, useMultiChannel=false}
2023-07-24 17:23:07,375 INFO  [org.kie.kog.qua.com.dep.KogitoQuarkusResourceUtils] (build-18) No Java source to compile
2023-07-24 17:23:13,568 INFO  [io.quarkus] (main) Quarkus 2.1.0.Final on JVM started in 21.705s. Listening on: http://localhost:43835
2023-07-24 17:23:13,569 INFO  [io.quarkus] (main) Profile test activated. 
2023-07-24 17:23:13,570 INFO  [io.quarkus] (main) Installed features: [cdi, kogito-decisions, kogito-predictions, kogito-processes, kogito-rules, resteasy, resteasy-jackson, servlet, smallrye-context-propagation, smallrye-health, smallrye-openapi, swagger-ui]
Hello World
]]></system-out>
  </testcase>
</testsuite>